# JRE version: Java(TM) SE Runtime Environment (21.0.6+8) (build 21.0.6+8-LTS-188)
# Java VM: Java HotSpot(TM) 64-Bit Server VM (21.0.6+8-LTS-188, mixed mode, sharing, tiered, compressed oops, compressed class ptrs, g1 gc, windows-amd64)
GC Precious Log:
 CardTable entry size: 512
 Card Set container configuration: InlinePtr #cards 5 size 8 Array Of Cards #cards 12 size 40 Howl #buckets 4 coarsen threshold 1843 Howl Bitmap #cards 512 size 80 coarsen threshold 460 Card regions per heap region 1 cards per card region 2048
 CPUs: 2 total, 2 available
 Memory: 8140M
 Large Page Support: Disabled
 NUMA Support: Disabled
 Compressed Oops: Enabled (32-bit)
 Heap Region Size: 1M
 Heap Min Capacity: 8M
 Heap Initial Capacity: 128M
 Heap Max Capacity: 2036M
 Pre-touch: Disabled
 Parallel Workers: 2
 Concurrent Workers: 1
 Concurrent Refinement Workers: 2
 Periodic GC: Disabled
Heap:
 garbage-first heap   total 45056K, used 33553K [0x0000000080c00000, 0x0000000100000000)
  region size 1024K, 16 young (16384K), 3 survivors (3072K)
 Metaspace       used 28319K, committed 28736K, reserved 1114112K
  class space    used 3116K, committed 3328K, reserved 1048576K
GC Heap History (14 events):
Event: 1.368 GC heap before
{Heap before GC invocations=0 (full 0):
 garbage-first heap   total 131072K, used 5120K [0x0000000080c00000, 0x0000000100000000)
  region size 1024K, 6 young (6144K), 0 survivors (0K)
 Metaspace       used 2036K, committed 2176K, reserved 1114112K
  class space    used 193K, committed 256K, reserved 1048576K
}
Event: 1.373 GC heap after
{Heap after GC invocations=1 (full 0):
 garbage-first heap   total 131072K, used 1989K [0x0000000080c00000, 0x0000000100000000)
  region size 1024K, 1 young (1024K), 1 survivors (1024K)
 Metaspace       used 2036K, committed 2176K, reserved 1114112K
  class space    used 193K, committed 256K, reserved 1048576K
}
Event: 2.024 GC heap before
{Heap before GC invocations=1 (full 0):
 garbage-first heap   total 131072K, used 6085K [0x0000000080c00000, 0x0000000100000000)
  region size 1024K, 6 young (6144K), 1 survivors (1024K)
 Metaspace       used 3425K, committed 3584K, reserved 1114112K
  class space    used 346K, committed 448K, reserved 1048576K
}
Event: 2.032 GC heap after
{Heap after GC invocations=2 (full 0):
 garbage-first heap   total 131072K, used 3259K [0x0000000080c00000, 0x0000000100000000)
  region size 1024K, 1 young (1024K), 1 survivors (1024K)
 Metaspace       used 3425K, committed 3584K, reserved 1114112K
  class space    used 346K, committed 448K, reserved 1048576K
}
Event: 3.019 GC heap before
{Heap before GC invocations=2 (full 0):
 garbage-first heap   total 131072K, used 12475K [0x0000000080c00000, 0x0000000100000000)
  region size 1024K, 11 young (11264K), 1 survivors (1024K)
 Metaspace       used 5686K, committed 5888K, reserved 1114112K
  class space    used 655K, committed 768K, reserved 1048576K
}
Event: 3.024 GC heap after
{Heap after GC invocations=3 (full 0):
 garbage-first heap   total 131072K, used 4054K [0x0000000080c00000, 0x0000000100000000)
  region size 1024K, 2 young (2048K), 2 survivors (2048K)
 Metaspace       used 5686K, committed 5888K, reserved 1114112K
  class space    used 655K, committed 768K, reserved 1048576K
}
Event: 12.954 GC heap before
{Heap before GC invocations=3 (full 0):
 garbage-first heap   total 131072K, used 78806K [0x0000000080c00000, 0x0000000100000000)
  region size 1024K, 76 young (77824K), 2 survivors (2048K)
 Metaspace       used 16469K, committed 16768K, reserved 1114112K
  class space    used 1933K, committed 2048K, reserved 1048576K
}
Event: 12.982 GC heap after
{Heap after GC invocations=4 (full 0):
 garbage-first heap   total 131072K, used 9687K [0x0000000080c00000, 0x0000000100000000)
  region size 1024K, 8 young (8192K), 8 survivors (8192K)
 Metaspace       used 16469K, committed 16768K, reserved 1114112K
  class space    used 1933K, committed 2048K, reserved 1048576K
}
Event: 22.054 GC heap before
{Heap before GC invocations=4 (full 0):
 garbage-first heap   total 131072K, used 56791K [0x0000000080c00000, 0x0000000100000000)
  region size 1024K, 55 young (56320K), 8 survivors (8192K)
 Metaspace       used 21185K, committed 21504K, reserved 1114112K
  class space    used 2476K, committed 2624K, reserved 1048576K
}
Event: 22.081 GC heap after
{Heap after GC invocations=5 (full 0):
 garbage-first heap   total 131072K, used 12633K [0x0000000080c00000, 0x0000000100000000)
  region size 1024K, 3 young (3072K), 3 survivors (3072K)
 Metaspace       used 21185K, committed 21504K, reserved 1114112K
  class space    used 2476K, committed 2624K, reserved 1048576K
}
Event: 28.067 GC heap before
{Heap before GC invocations=6 (full 0):
 garbage-first heap   total 45056K, used 36185K [0x0000000080c00000, 0x0000000100000000)
  region size 1024K, 26 young (26624K), 3 survivors (3072K)
 Metaspace       used 25958K, committed 26368K, reserved 1114112K
  class space    used 2921K, committed 3136K, reserved 1048576K
}
Event: 28.088 GC heap after
{Heap after GC invocations=7 (full 0):
 garbage-first heap   total 45056K, used 17753K [0x0000000080c00000, 0x0000000100000000)
  region size 1024K, 4 young (4096K), 4 survivors (4096K)
 Metaspace       used 25958K, committed 26368K, reserved 1114112K
  class space    used 2921K, committed 3136K, reserved 1048576K
}
Event: 33.951 GC heap before
{Heap before GC invocations=7 (full 0):
 garbage-first heap   total 45056K, used 35161K [0x0000000080c00000, 0x0000000100000000)
  region size 1024K, 22 young (22528K), 4 survivors (4096K)
 Metaspace       used 27639K, committed 27968K, reserved 1114112K
  class space    used 3094K, committed 3264K, reserved 1048576K
}
Event: 33.970 GC heap after
{Heap after GC invocations=8 (full 0):
 garbage-first heap   total 45056K, used 21265K [0x0000000080c00000, 0x0000000100000000)
  region size 1024K, 3 young (3072K), 3 survivors (3072K)
 Metaspace       used 27639K, committed 27968K, reserved 1114112K
  class space    used 3094K, committed 3264K, reserved 1048576K
}

