# JRE version: OpenJDK Runtime Environment Temurin-21.0.6+7 (21.0.6+7) (build 21.0.6+7-LTS)
# Java VM: OpenJDK 64-Bit Server VM Temurin-21.0.6+7 (21.0.6+7-LTS, mixed mode, sharing, tiered, compressed oops, compressed class ptrs, parallel gc, windows-amd64)
GC Precious Log:
 CardTable entry size: 512
 CPUs: 2 total, 2 available
 Memory: 8140M
 Large Page Support: Disabled
 NUMA Support: Disabled
 Compressed Oops: Enabled (32-bit)
 Alignments: Space 512K, Generation 512K, Heap 2M
 Heap Min Capacity: 100M
 Heap Initial Capacity: 100M
 Heap Max Capacity: 1G
 Pre-touch: Disabled
 Parallel Workers: 2
Heap:
 PSYoungGen      total 11264K, used 10456K [0x00000000eab00000, 0x00000000ec900000, 0x0000000100000000)
  eden space 8192K, 100% used [0x00000000eab00000,0x00000000eb300000,0x00000000eb300000)
  from space 3072K, 73% used [0x00000000eb380000,0x00000000eb5b6330,0x00000000eb680000)
  to   space 11264K, 52% used [0x00000000ebe00000,0x00000000ec3bcfd0,0x00000000ec900000)
 ParOldGen       total 334336K, used 334207K [0x00000000c0000000, 0x00000000d4680000, 0x00000000eab00000)
  object space 334336K, 99% used [0x00000000c0000000,0x00000000d465fc08,0x00000000d4680000)
 Metaspace       used 65199K, committed 66688K, reserved 1114112K
  class space    used 6582K, committed 7232K, reserved 1048576K
GC Heap History (20 events):
Event: 96.978 GC heap after
{Heap after GC invocations=246 (full 4):
 PSYoungGen      total 11264K, used 2850K [0x00000000eab00000, 0x00000000eb980000, 0x0000000100000000)
  eden space 8192K, 0% used [0x00000000eab00000,0x00000000eab00000,0x00000000eb300000)
  from space 3072K, 92% used [0x00000000eb680000,0x00000000eb948a00,0x00000000eb980000)
  to   space 3072K, 0% used [0x00000000eb380000,0x00000000eb380000,0x00000000eb680000)
 ParOldGen       total 311296K, used 295881K [0x00000000c0000000, 0x00000000d3000000, 0x00000000eab00000)
  object space 311296K, 95% used [0x00000000c0000000,0x00000000d20f2610,0x00000000d3000000)
 Metaspace       used 65175K, committed 66688K, reserved 1114112K
  class space    used 6582K, committed 7232K, reserved 1048576K
}
Event: 97.206 GC heap before
{Heap before GC invocations=247 (full 4):
 PSYoungGen      total 11264K, used 11038K [0x00000000eab00000, 0x00000000eb980000, 0x0000000100000000)
  eden space 8192K, 99% used [0x00000000eab00000,0x00000000eb2ff108,0x00000000eb300000)
  from space 3072K, 92% used [0x00000000eb680000,0x00000000eb948a00,0x00000000eb980000)
  to   space 3072K, 0% used [0x00000000eb380000,0x00000000eb380000,0x00000000eb680000)
 ParOldGen       total 311296K, used 295881K [0x00000000c0000000, 0x00000000d3000000, 0x00000000eab00000)
  object space 311296K, 95% used [0x00000000c0000000,0x00000000d20f2610,0x00000000d3000000)
 Metaspace       used 65175K, committed 66688K, reserved 1114112K
  class space    used 6582K, committed 7232K, reserved 1048576K
}
Event: 97.312 GC heap after
{Heap after GC invocations=247 (full 4):
 PSYoungGen      total 11264K, used 3043K [0x00000000eab00000, 0x00000000eb980000, 0x0000000100000000)
  eden space 8192K, 0% used [0x00000000eab00000,0x00000000eab00000,0x00000000eb300000)
  from space 3072K, 99% used [0x00000000eb380000,0x00000000eb678fa0,0x00000000eb680000)
  to   space 3072K, 0% used [0x00000000eb680000,0x00000000eb680000,0x00000000eb980000)
 ParOldGen       total 311296K, used 301123K [0x00000000c0000000, 0x00000000d3000000, 0x00000000eab00000)
  object space 311296K, 96% used [0x00000000c0000000,0x00000000d2610d08,0x00000000d3000000)
 Metaspace       used 65175K, committed 66688K, reserved 1114112K
  class space    used 6582K, committed 7232K, reserved 1048576K
}
Event: 97.484 GC heap before
{Heap before GC invocations=248 (full 4):
 PSYoungGen      total 11264K, used 10992K [0x00000000eab00000, 0x00000000eb980000, 0x0000000100000000)
  eden space 8192K, 97% used [0x00000000eab00000,0x00000000eb2c3130,0x00000000eb300000)
  from space 3072K, 99% used [0x00000000eb380000,0x00000000eb678fa0,0x00000000eb680000)
  to   space 3072K, 0% used [0x00000000eb680000,0x00000000eb680000,0x00000000eb980000)
 ParOldGen       total 311296K, used 301123K [0x00000000c0000000, 0x00000000d3000000, 0x00000000eab00000)
  object space 311296K, 96% used [0x00000000c0000000,0x00000000d2610d08,0x00000000d3000000)
 Metaspace       used 65175K, committed 66688K, reserved 1114112K
  class space    used 6582K, committed 7232K, reserved 1048576K
}
Event: 97.500 GC heap after
{Heap after GC invocations=248 (full 4):
 PSYoungGen      total 11264K, used 3067K [0x00000000eab00000, 0x00000000eb980000, 0x0000000100000000)
  eden space 8192K, 0% used [0x00000000eab00000,0x00000000eab00000,0x00000000eb300000)
  from space 3072K, 99% used [0x00000000eb680000,0x00000000eb97ef48,0x00000000eb980000)
  to   space 3072K, 0% used [0x00000000eb380000,0x00000000eb380000,0x00000000eb680000)
 ParOldGen       total 311296K, used 307683K [0x00000000c0000000, 0x00000000d3000000, 0x00000000eab00000)
  object space 311296K, 98% used [0x00000000c0000000,0x00000000d2c78d78,0x00000000d3000000)
 Metaspace       used 65175K, committed 66688K, reserved 1114112K
  class space    used 6582K, committed 7232K, reserved 1048576K
}
Event: 97.706 GC heap before
{Heap before GC invocations=249 (full 4):
 PSYoungGen      total 11264K, used 11259K [0x00000000eab00000, 0x00000000eb980000, 0x0000000100000000)
  eden space 8192K, 100% used [0x00000000eab00000,0x00000000eb300000,0x00000000eb300000)
  from space 3072K, 99% used [0x00000000eb680000,0x00000000eb97ef48,0x00000000eb980000)
  to   space 3072K, 0% used [0x00000000eb380000,0x00000000eb380000,0x00000000eb680000)
 ParOldGen       total 311296K, used 307683K [0x00000000c0000000, 0x00000000d3000000, 0x00000000eab00000)
  object space 311296K, 98% used [0x00000000c0000000,0x00000000d2c78d78,0x00000000d3000000)
 Metaspace       used 65175K, committed 66688K, reserved 1114112K
  class space    used 6582K, committed 7232K, reserved 1048576K
}
Event: 97.749 GC heap after
{Heap after GC invocations=249 (full 4):
 PSYoungGen      total 11264K, used 3045K [0x00000000eab00000, 0x00000000eb980000, 0x0000000100000000)
  eden space 8192K, 0% used [0x00000000eab00000,0x00000000eab00000,0x00000000eb300000)
  from space 3072K, 99% used [0x00000000eb380000,0x00000000eb679660,0x00000000eb680000)
  to   space 3072K, 0% used [0x00000000eb680000,0x00000000eb680000,0x00000000eb980000)
 ParOldGen       total 315904K, used 315776K [0x00000000c0000000, 0x00000000d3480000, 0x00000000eab00000)
  object space 315904K, 99% used [0x00000000c0000000,0x00000000d3460250,0x00000000d3480000)
 Metaspace       used 65175K, committed 66688K, reserved 1114112K
  class space    used 6582K, committed 7232K, reserved 1048576K
}
Event: 98.010 GC heap before
{Heap before GC invocations=250 (full 4):
 PSYoungGen      total 11264K, used 11237K [0x00000000eab00000, 0x00000000eb980000, 0x0000000100000000)
  eden space 8192K, 100% used [0x00000000eab00000,0x00000000eb300000,0x00000000eb300000)
  from space 3072K, 99% used [0x00000000eb380000,0x00000000eb679660,0x00000000eb680000)
  to   space 3072K, 0% used [0x00000000eb680000,0x00000000eb680000,0x00000000eb980000)
 ParOldGen       total 315904K, used 315776K [0x00000000c0000000, 0x00000000d3480000, 0x00000000eab00000)
  object space 315904K, 99% used [0x00000000c0000000,0x00000000d3460250,0x00000000d3480000)
 Metaspace       used 65175K, committed 66688K, reserved 1114112K
  class space    used 6582K, committed 7232K, reserved 1048576K
}
Event: 98.121 GC heap after
{Heap after GC invocations=250 (full 4):
 PSYoungGen      total 11264K, used 3051K [0x00000000eab00000, 0x00000000eb980000, 0x0000000100000000)
  eden space 8192K, 0% used [0x00000000eab00000,0x00000000eab00000,0x00000000eb300000)
  from space 3072K, 99% used [0x00000000eb680000,0x00000000eb97af48,0x00000000eb980000)
  to   space 3072K, 0% used [0x00000000eb380000,0x00000000eb380000,0x00000000eb680000)
 ParOldGen       total 324096K, used 323864K [0x00000000c0000000, 0x00000000d3c80000, 0x00000000eab00000)
  object space 324096K, 99% used [0x00000000c0000000,0x00000000d3c461e8,0x00000000d3c80000)
 Metaspace       used 65175K, committed 66688K, reserved 1114112K
  class space    used 6582K, committed 7232K, reserved 1048576K
}
Event: 98.319 GC heap before
{Heap before GC invocations=251 (full 4):
 PSYoungGen      total 11264K, used 10891K [0x00000000eab00000, 0x00000000eb980000, 0x0000000100000000)
  eden space 8192K, 95% used [0x00000000eab00000,0x00000000eb2a80a0,0x00000000eb300000)
  from space 3072K, 99% used [0x00000000eb680000,0x00000000eb97af48,0x00000000eb980000)
  to   space 3072K, 0% used [0x00000000eb380000,0x00000000eb380000,0x00000000eb680000)
 ParOldGen       total 324096K, used 323864K [0x00000000c0000000, 0x00000000d3c80000, 0x00000000eab00000)
  object space 324096K, 99% used [0x00000000c0000000,0x00000000d3c461e8,0x00000000d3c80000)
 Metaspace       used 65175K, committed 66688K, reserved 1114112K
  class space    used 6582K, committed 7232K, reserved 1048576K
}
Event: 98.338 GC heap after
{Heap after GC invocations=251 (full 4):
 PSYoungGen      total 11264K, used 3071K [0x00000000eab00000, 0x00000000ec900000, 0x0000000100000000)
  eden space 8192K, 0% used [0x00000000eab00000,0x00000000eab00000,0x00000000eb300000)
  from space 3072K, 99% used [0x00000000eb380000,0x00000000eb67fc60,0x00000000eb680000)
  to   space 11264K, 0% used [0x00000000ebe00000,0x00000000ebe00000,0x00000000ec900000)
 ParOldGen       total 331776K, used 331661K [0x00000000c0000000, 0x00000000d4400000, 0x00000000eab00000)
  object space 331776K, 99% used [0x00000000c0000000,0x00000000d43e35b8,0x00000000d4400000)
 Metaspace       used 65175K, committed 66688K, reserved 1114112K
  class space    used 6582K, committed 7232K, reserved 1048576K
}
Event: 98.550 GC heap before
{Heap before GC invocations=252 (full 4):
 PSYoungGen      total 11264K, used 11263K [0x00000000eab00000, 0x00000000ec900000, 0x0000000100000000)
  eden space 8192K, 100% used [0x00000000eab00000,0x00000000eb300000,0x00000000eb300000)
  from space 3072K, 99% used [0x00000000eb380000,0x00000000eb67fc60,0x00000000eb680000)
  to   space 11264K, 0% used [0x00000000ebe00000,0x00000000ebe00000,0x00000000ec900000)
 ParOldGen       total 331776K, used 331661K [0x00000000c0000000, 0x00000000d4400000, 0x00000000eab00000)
  object space 331776K, 99% used [0x00000000c0000000,0x00000000d43e35b8,0x00000000d4400000)
 Metaspace       used 65175K, committed 66688K, reserved 1114112K
  class space    used 6582K, committed 7232K, reserved 1048576K
}
Event: 98.645 GC heap after
{Heap after GC invocations=252 (full 4):
 PSYoungGen      total 11264K, used 11263K [0x00000000eab00000, 0x00000000ec900000, 0x0000000100000000)
  eden space 8192K, 100% used [0x00000000eab00000,0x00000000eb300000,0x00000000eb300000)
  from space 3072K, 99% used [0x00000000eb380000,0x00000000eb67fc60,0x00000000eb680000)
  to   space 11264K, 72% used [0x00000000ebe00000,0x00000000ec5f9448,0x00000000ec900000)
 ParOldGen       total 333824K, used 333821K [0x00000000c0000000, 0x00000000d4600000, 0x00000000eab00000)
  object space 333824K, 99% used [0x00000000c0000000,0x00000000d45ff620,0x00000000d4600000)
 Metaspace       used 65175K, committed 66688K, reserved 1114112K
  class space    used 6582K, committed 7232K, reserved 1048576K
}
Event: 98.645 GC heap before
{Heap before GC invocations=253 (full 5):
 PSYoungGen      total 11264K, used 11263K [0x00000000eab00000, 0x00000000ec900000, 0x0000000100000000)
  eden space 8192K, 100% used [0x00000000eab00000,0x00000000eb300000,0x00000000eb300000)
  from space 3072K, 99% used [0x00000000eb380000,0x00000000eb67fc60,0x00000000eb680000)
  to   space 11264K, 72% used [0x00000000ebe00000,0x00000000ec5f9448,0x00000000ec900000)
 ParOldGen       total 333824K, used 333821K [0x00000000c0000000, 0x00000000d4600000, 0x00000000eab00000)
  object space 333824K, 99% used [0x00000000c0000000,0x00000000d45ff620,0x00000000d4600000)
 Metaspace       used 65175K, committed 66688K, reserved 1114112K
  class space    used 6582K, committed 7232K, reserved 1048576K
}
Event: 99.220 GC heap after
{Heap after GC invocations=253 (full 5):
 PSYoungGen      total 19456K, used 0K [0x00000000eab00000, 0x00000000ec900000, 0x0000000100000000)
  eden space 8192K, 0% used [0x00000000eab00000,0x00000000eab00000,0x00000000eb300000)
  from space 11264K, 0% used [0x00000000ebe00000,0x00000000ebe00000,0x00000000ec900000)
  to   space 3072K, 0% used [0x00000000eb380000,0x00000000eb380000,0x00000000eb680000)
 ParOldGen       total 333824K, used 331112K [0x00000000c0000000, 0x00000000d4600000, 0x00000000eab00000)
  object space 333824K, 99% used [0x00000000c0000000,0x00000000d435a398,0x00000000d4600000)
 Metaspace       used 65175K, committed 66688K, reserved 1114112K
  class space    used 6582K, committed 7232K, reserved 1048576K
}
Event: 99.431 GC heap before
{Heap before GC invocations=254 (full 5):
 PSYoungGen      total 19456K, used 8192K [0x00000000eab00000, 0x00000000ec900000, 0x0000000100000000)
  eden space 8192K, 100% used [0x00000000eab00000,0x00000000eb300000,0x00000000eb300000)
  from space 11264K, 0% used [0x00000000ebe00000,0x00000000ebe00000,0x00000000ec900000)
  to   space 3072K, 0% used [0x00000000eb380000,0x00000000eb380000,0x00000000eb680000)
 ParOldGen       total 333824K, used 331112K [0x00000000c0000000, 0x00000000d4600000, 0x00000000eab00000)
  object space 333824K, 99% used [0x00000000c0000000,0x00000000d435a398,0x00000000d4600000)
 Metaspace       used 65185K, committed 66688K, reserved 1114112K
  class space    used 6582K, committed 7232K, reserved 1048576K
}
Event: 99.452 GC heap after
{Heap after GC invocations=254 (full 5):
 PSYoungGen      total 19456K, used 8192K [0x00000000eab00000, 0x00000000ec900000, 0x0000000100000000)
  eden space 8192K, 100% used [0x00000000eab00000,0x00000000eb300000,0x00000000eb300000)
  from space 11264K, 0% used [0x00000000ebe00000,0x00000000ebe00000,0x00000000ec900000)
  to   space 3072K, 99% used [0x00000000eb380000,0x00000000eb679c08,0x00000000eb680000)
 ParOldGen       total 333824K, used 333819K [0x00000000c0000000, 0x00000000d4600000, 0x00000000eab00000)
  object space 333824K, 99% used [0x00000000c0000000,0x00000000d45fed78,0x00000000d4600000)
 Metaspace       used 65185K, committed 66688K, reserved 1114112K
  class space    used 6582K, committed 7232K, reserved 1048576K
}
Event: 99.452 GC heap before
{Heap before GC invocations=255 (full 6):
 PSYoungGen      total 19456K, used 8192K [0x00000000eab00000, 0x00000000ec900000, 0x0000000100000000)
  eden space 8192K, 100% used [0x00000000eab00000,0x00000000eb300000,0x00000000eb300000)
  from space 11264K, 0% used [0x00000000ebe00000,0x00000000ebe00000,0x00000000ec900000)
  to   space 3072K, 99% used [0x00000000eb380000,0x00000000eb679c08,0x00000000eb680000)
 ParOldGen       total 333824K, used 333819K [0x00000000c0000000, 0x00000000d4600000, 0x00000000eab00000)
  object space 333824K, 99% used [0x00000000c0000000,0x00000000d45fed78,0x00000000d4600000)
 Metaspace       used 65185K, committed 66688K, reserved 1114112K
  class space    used 6582K, committed 7232K, reserved 1048576K
}
Event: 100.251 GC heap after
{Heap after GC invocations=255 (full 6):
 PSYoungGen      total 11264K, used 2264K [0x00000000eab00000, 0x00000000ec900000, 0x0000000100000000)
  eden space 8192K, 0% used [0x00000000eab00000,0x00000000eab00000,0x00000000eb300000)
  from space 3072K, 73% used [0x00000000eb380000,0x00000000eb5b6330,0x00000000eb680000)
  to   space 11264K, 0% used [0x00000000ebe00000,0x00000000ebe00000,0x00000000ec900000)
 ParOldGen       total 333824K, used 333781K [0x00000000c0000000, 0x00000000d4600000, 0x00000000eab00000)
  object space 333824K, 99% used [0x00000000c0000000,0x00000000d45f56e8,0x00000000d4600000)
 Metaspace       used 65185K, committed 66688K, reserved 1114112K
  class space    used 6582K, committed 7232K, reserved 1048576K
}
Event: 100.970 GC heap before
{Heap before GC invocations=256 (full 6):
 PSYoungGen      total 11264K, used 10456K [0x00000000eab00000, 0x00000000ec900000, 0x0000000100000000)
  eden space 8192K, 100% used [0x00000000eab00000,0x00000000eb300000,0x00000000eb300000)
  from space 3072K, 73% used [0x00000000eb380000,0x00000000eb5b6330,0x00000000eb680000)
  to   space 11264K, 0% used [0x00000000ebe00000,0x00000000ebe00000,0x00000000ec900000)
 ParOldGen       total 333824K, used 333781K [0x00000000c0000000, 0x00000000d4600000, 0x00000000eab00000)
  object space 333824K, 99% used [0x00000000c0000000,0x00000000d45f56e8,0x00000000d4600000)
 Metaspace       used 65199K, committed 66688K, reserved 1114112K
  class space    used 6582K, committed 7232K, reserved 1048576K
}

